Vlans is [
  {
    "device": "eth0",
    "vlan": 5000,
    "ip_address": "172.16.35.150",
    "mac_address": "52:54:a3:e4:c6:70"
  }
]
Vlans is [
  {
    "device": "eth0",
    "vlan": 5000,
    "ip_address": "172.16.35.150",
    "mac_address": "52:54:89:b2:fc:56"
  }
]
Vlans is [
  {
    "device": "eth0",
    "vlan": 5000,
    "ip_address": "172.16.35.159",
    "mac_address": "52:54:9f:61:07:2b"
  }
]
Vlans is [
  {
    "device": "eth0",
    "vlan": 5000,
    "ip_address": "172.16.35.150",
    "mac_address": "52:54:8e:82:b1:7b"
  }
]
Vlans is [
  {
    "device": "eth0",
    "vlan": 5000,
    "ip_address": "172.16.35.150",
    "mac_address": "52:54:57:62:10:43"
  }
]
